app/build/intermediates/manifest_merge_blame_file/release/processReleaseMainManifest/manifest-merger-blame-release-report.txt
1<?xml version="1.0" encoding="utf-8"?>
2<manifest xmlns:android="http://schemas.android.com/apk/res/android"
3    package="me.waveandvibe.app"
4    android:versionCode="2"
5    android:versionName="1.0" >
6
7    <uses-sdk
8        android:minSdkVersion="26"
9        android:targetSdkVersion="35" />
10
11    <uses-permission android:name="android.permission.INTERNET" />
11-->src/main/AndroidManifest.xml:4:5-67
11-->src/main/AndroidManifest.xml:4:22-64
12    <uses-permission android:name="android.permission.ACCESS_NETWORK_STATE" />
12-->src/main/AndroidManifest.xml:5:5-79
12-->src/main/AndroidManifest.xml:5:22-76
13    <uses-permission android:name="android.permission.ACCESS_WIFI_STATE" />
13-->src/main/AndroidManifest.xml:6:5-76
13-->src/main/AndroidManifest.xml:6:22-73
14    <uses-permission android:name="android.permission.CHANGE_WIFI_STATE" />
14-->src/main/AndroidManifest.xml:7:5-76
14-->src/main/AndroidManifest.xml:7:22-73
15    <uses-permission android:name="android.permission.CHANGE_NETWORK_STATE" />
15-->src/main/AndroidManifest.xml:8:5-79
15-->src/main/AndroidManifest.xml:8:22-76
16    <uses-permission
16-->src/main/AndroidManifest.xml:9:5-12:58
17        android:name="android.permission.NEARBY_WIFI_DEVICES"
17-->src/main/AndroidManifest.xml:9:22-75
18        android:usesPermissionFlags="neverForLocation" />
18-->src/main/AndroidManifest.xml:10:9-55
19    <uses-permission
19-->src/main/AndroidManifest.xml:14:5-15:38
20        android:name="android.permission.BLUETOOTH"
20-->src/main/AndroidManifest.xml:14:22-65
21        android:maxSdkVersion="30" />
21-->src/main/AndroidManifest.xml:15:9-35
22    <uses-permission
22-->src/main/AndroidManifest.xml:16:5-17:38
23        android:name="android.permission.BLUETOOTH_ADMIN"
23-->src/main/AndroidManifest.xml:16:22-71
24        android:maxSdkVersion="30" />
24-->src/main/AndroidManifest.xml:17:9-35
25    <uses-permission
25-->src/main/AndroidManifest.xml:19:5-22:58
26        android:name="android.permission.BLUETOOTH_SCAN"
26-->src/main/AndroidManifest.xml:19:22-70
27        android:usesPermissionFlags="neverForLocation" />
27-->src/main/AndroidManifest.xml:20:9-55
28    <uses-permission android:name="android.permission.BLUETOOTH_ADVERTISE" />
28-->src/main/AndroidManifest.xml:23:5-78
28-->src/main/AndroidManifest.xml:23:22-75
29    <uses-permission android:name="android.permission.BLUETOOTH_CONNECT" />
29-->src/main/AndroidManifest.xml:24:5-76
29-->src/main/AndroidManifest.xml:24:22-73
30    <uses-permission android:name="android.permission.FOREGROUND_SERVICE" />
30-->src/main/AndroidManifest.xml:26:5-77
30-->src/main/AndroidManifest.xml:26:22-74
31    <uses-permission android:name="android.permission.FOREGROUND_SERVICE_CONNECTED_DEVICE" />
31-->src/main/AndroidManifest.xml:27:5-94
31-->src/main/AndroidManifest.xml:27:22-91
32    <uses-permission android:name="android.permission.RECEIVE_BOOT_COMPLETED" />
32-->src/main/AndroidManifest.xml:29:5-81
32-->src/main/AndroidManifest.xml:29:22-78
33    <uses-permission android:name="android.permission.REQUEST_IGNORE_BATTERY_OPTIMIZATIONS" />
33-->src/main/AndroidManifest.xml:30:5-95
33-->src/main/AndroidManifest.xml:30:22-92
34    <uses-permission android:name="android.permission.WAKE_LOCK" />
34-->src/main/AndroidManifest.xml:31:5-68
34-->src/main/AndroidManifest.xml:31:22-65
35    <uses-permission android:name="android.permission.ACCESS_FINE_LOCATION" />
35-->src/main/AndroidManifest.xml:32:5-79
35-->src/main/AndroidManifest.xml:32:22-76
36    <uses-permission android:name="android.permission.ACCESS_COARSE_LOCATION" />
36-->src/main/AndroidManifest.xml:33:5-81
36-->src/main/AndroidManifest.xml:33:22-78
37    <uses-permission android:name="android.permission.POST_NOTIFICATIONS" />
37-->src/main/AndroidManifest.xml:35:5-77
37-->src/main/AndroidManifest.xml:35:22-74
38
39    <uses-feature
39-->src/main/AndroidManifest.xml:37:5-90
40        android:name="android.hardware.bluetooth_le"
40-->src/main/AndroidManifest.xml:37:19-63
41        android:required="true" />
41-->src/main/AndroidManifest.xml:37:64-87
42
43    <permission
43-->[androidx.core:core:1.13.1] AndroidManifest.xml:22:5-24:47
44        android:name="me.waveandvibe.app.DYNAMIC_RECEIVER_NOT_EXPORTED_PERMISSION"
44-->[androidx.core:core:1.13.1] AndroidManifest.xml:23:9-81
45        android:protectionLevel="signature" />
45-->[androidx.core:core:1.13.1] AndroidManifest.xml:24:9-44
46
47    <uses-permission android:name="me.waveandvibe.app.DYNAMIC_RECEIVER_NOT_EXPORTED_PERMISSION" />
47-->[androidx.core:core:1.13.1] AndroidManifest.xml:26:5-97
47-->[androidx.core:core:1.13.1] AndroidManifest.xml:26:22-94
48
49    <application
49-->src/main/AndroidManifest.xml:39:5-81:19
50        android:name="com.olapp.OlaApplication"
50-->src/main/AndroidManifest.xml:40:9-39
51        android:allowBackup="false"
51-->src/main/AndroidManifest.xml:41:9-36
52        android:appComponentFactory="androidx.core.app.CoreComponentFactory"
52-->[androidx.core:core:1.13.1] AndroidManifest.xml:28:18-86
53        android:extractNativeLibs="false"
54        android:icon="@mipmap/ic_launcher"
54-->src/main/AndroidManifest.xml:42:9-43
55        android:label="@string/app_name"
55-->src/main/AndroidManifest.xml:43:9-41
56        android:roundIcon="@mipmap/ic_launcher_round"
56-->src/main/AndroidManifest.xml:44:9-54
57        android:supportsRtl="true"
57-->src/main/AndroidManifest.xml:45:9-35
58        android:theme="@style/Theme.OlaApp" >
58-->src/main/AndroidManifest.xml:46:9-44
59        <activity
59-->src/main/AndroidManifest.xml:48:9-56:20
60            android:name="com.olapp.MainActivity"
60-->src/main/AndroidManifest.xml:49:13-41
61            android:exported="true"
61-->src/main/AndroidManifest.xml:50:13-36
62            android:windowSoftInputMode="adjustResize" >
62-->src/main/AndroidManifest.xml:51:13-55
63            <intent-filter>
63-->src/main/AndroidManifest.xml:52:13-55:29
64                <action android:name="android.intent.action.MAIN" />
64-->src/main/AndroidManifest.xml:53:17-69
64-->src/main/AndroidManifest.xml:53:25-66
65
66                <category android:name="android.intent.category.LAUNCHER" />
66-->src/main/AndroidManifest.xml:54:17-77
66-->src/main/AndroidManifest.xml:54:27-74
67            </intent-filter>
68        </activity>
69
70        <service
70-->src/main/AndroidManifest.xml:58:9-61:63
71            android:name="com.olapp.ble.BleForegroundService"
71-->src/main/AndroidManifest.xml:59:13-53
72            android:exported="false"
72-->src/main/AndroidManifest.xml:60:13-37
73            android:foregroundServiceType="connectedDevice" />
73-->src/main/AndroidManifest.xml:61:13-60
74
75        <receiver
75-->src/main/AndroidManifest.xml:63:9-69:20
76            android:name="com.olapp.ble.BootReceiver"
76-->src/main/AndroidManifest.xml:64:13-45
77            android:exported="true" >
77-->src/main/AndroidManifest.xml:65:13-36
78            <intent-filter>
78-->src/main/AndroidManifest.xml:66:13-68:29
79                <action android:name="android.intent.action.BOOT_COMPLETED" />
79-->src/main/AndroidManifest.xml:67:17-79
79-->src/main/AndroidManifest.xml:67:25-76
80            </intent-filter>
81        </receiver>
82
83        <provider
84            android:name="androidx.core.content.FileProvider"
84-->src/main/AndroidManifest.xml:72:13-62
85            android:authorities="me.waveandvibe.app.fileprovider"
85-->src/main/AndroidManifest.xml:73:13-64
86            android:exported="false"
86-->src/main/AndroidManifest.xml:74:13-37
87            android:grantUriPermissions="true" >
87-->src/main/AndroidManifest.xml:75:13-47
88            <meta-data
88-->src/main/AndroidManifest.xml:76:13-78:54
89                android:name="android.support.FILE_PROVIDER_PATHS"
89-->src/main/AndroidManifest.xml:77:17-67
90                android:resource="@xml/file_paths" />
90-->src/main/AndroidManifest.xml:78:17-51
91        </provider>
92
93        <service
93-->[com.google.android.gms:play-services-nearby:19.3.0] AndroidManifest.xml:9:9-214
94            android:name="com.google.android.gms.nearby.exposurenotification.WakeUpService"
94-->[com.google.android.gms:play-services-nearby:19.3.0] AndroidManifest.xml:9:18-97
95            android:exported="true"
95-->[com.google.android.gms:play-services-nearby:19.3.0] AndroidManifest.xml:9:98-121
96            android:permission="com.google.android.gms.nearby.exposurenotification.EXPOSURE_CALLBACK" />
96-->[com.google.android.gms:play-services-nearby:19.3.0] AndroidManifest.xml:9:122-211
97        <service
97-->[com.google.mlkit:image-labeling:17.0.9] AndroidManifest.xml:8:9-14:19
98            android:name="com.google.mlkit.common.internal.MlKitComponentDiscoveryService"
98-->[com.google.mlkit:image-labeling:17.0.9] AndroidManifest.xml:9:13-91
99            android:directBootAware="true"
99-->[com.google.mlkit:common:18.11.0] AndroidManifest.xml:17:13-43
100            android:exported="false" >
100-->[com.google.mlkit:image-labeling:17.0.9] AndroidManifest.xml:10:13-37
101            <meta-data
101-->[com.google.mlkit:image-labeling:17.0.9] AndroidManifest.xml:11:13-13:85
102                android:name="com.google.firebase.components:com.google.mlkit.vision.label.defaults.internal.BundledLabelRegistrar"
102-->[com.google.mlkit:image-labeling:17.0.9] AndroidManifest.xml:12:17-132
103                android:value="com.google.firebase.components.ComponentRegistrar" />
103-->[com.google.mlkit:image-labeling:17.0.9] AndroidManifest.xml:13:17-82
104            <meta-data
104-->[com.google.android.gms:play-services-mlkit-face-detection:17.1.0] AndroidManifest.xml:12:13-14:85
105                android:name="com.google.firebase.components:com.google.mlkit.vision.face.internal.FaceRegistrar"
105-->[com.google.android.gms:play-services-mlkit-face-detection:17.1.0] AndroidManifest.xml:13:17-114
106                android:value="com.google.firebase.components.ComponentRegistrar" />
106-->[com.google.android.gms:play-services-mlkit-face-detection:17.1.0] AndroidManifest.xml:14:17-82
107            <meta-data
107-->[com.google.mlkit:vision-internal-vkp:18.2.3] AndroidManifest.xml:14:13-16:85
108                android:name="com.google.firebase.components:com.google.mlkit.vision.vkp.VkpRegistrar"
108-->[com.google.mlkit:vision-internal-vkp:18.2.3] AndroidManifest.xml:15:17-103
109                android:value="com.google.firebase.components.ComponentRegistrar" />
109-->[com.google.mlkit:vision-internal-vkp:18.2.3] AndroidManifest.xml:16:17-82
110            <meta-data
110-->[com.google.mlkit:vision-common:17.3.0] AndroidManifest.xml:12:13-14:85
111                android:name="com.google.firebase.components:com.google.mlkit.vision.common.internal.VisionCommonRegistrar"
111-->[com.google.mlkit:vision-common:17.3.0] AndroidManifest.xml:13:17-124
112                android:value="com.google.firebase.components.ComponentRegistrar" />
112-->[com.google.mlkit:vision-common:17.3.0] AndroidManifest.xml:14:17-82
113            <meta-data
113-->[com.google.mlkit:common:18.11.0] AndroidManifest.xml:20:13-22:85
114                android:name="com.google.firebase.components:com.google.mlkit.common.internal.CommonComponentRegistrar"
114-->[com.google.mlkit:common:18.11.0] AndroidManifest.xml:21:17-120
115                android:value="com.google.firebase.components.ComponentRegistrar" />
115-->[com.google.mlkit:common:18.11.0] AndroidManifest.xml:22:17-82
116        </service>
117
118        <provider
118-->[com.google.mlkit:common:18.11.0] AndroidManifest.xml:9:9-13:38
119            android:name="com.google.mlkit.common.internal.MlKitInitProvider"
119-->[com.google.mlkit:common:18.11.0] AndroidManifest.xml:10:13-78
120            android:authorities="me.waveandvibe.app.mlkitinitprovider"
120-->[com.google.mlkit:common:18.11.0] AndroidManifest.xml:11:13-69
121            android:exported="false"
121-->[com.google.mlkit:common:18.11.0] AndroidManifest.xml:12:13-37
122            android:initOrder="99" />
122-->[com.google.mlkit:common:18.11.0] AndroidManifest.xml:13:13-35
123
124        <activity
124-->[com.google.android.gms:play-services-base:18.5.0] AndroidManifest.xml:5:9-173
125            android:name="com.google.android.gms.common.api.GoogleApiActivity"
125-->[com.google.android.gms:play-services-base:18.5.0] AndroidManifest.xml:5:19-85
126            android:exported="false"
126-->[com.google.android.gms:play-services-base:18.5.0] AndroidManifest.xml:5:146-170
127            android:theme="@android:style/Theme.Translucent.NoTitleBar" />
127-->[com.google.android.gms:play-services-base:18.5.0] AndroidManifest.xml:5:86-145
128
129        <service
129-->[androidx.room:room-runtime:2.6.1] AndroidManifest.xml:24:9-28:63
130            android:name="androidx.room.MultiInstanceInvalidationService"
130-->[androidx.room:room-runtime:2.6.1] AndroidManifest.xml:25:13-74
131            android:directBootAware="true"
131-->[androidx.room:room-runtime:2.6.1] AndroidManifest.xml:26:13-43
132            android:exported="false" />
132-->[androidx.room:room-runtime:2.6.1] AndroidManifest.xml:27:13-37
133
134        <provider
134-->[androidx.emoji2:emoji2:1.3.0] AndroidManifest.xml:24:9-32:20
135            android:name="androidx.startup.InitializationProvider"
135-->[androidx.emoji2:emoji2:1.3.0] AndroidManifest.xml:25:13-67
136            android:authorities="me.waveandvibe.app.androidx-startup"
136-->[androidx.emoji2:emoji2:1.3.0] AndroidManifest.xml:26:13-68
137            android:exported="false" >
137-->[androidx.emoji2:emoji2:1.3.0] AndroidManifest.xml:27:13-37
138            <meta-data
138-->[androidx.emoji2:emoji2:1.3.0] AndroidManifest.xml:29:13-31:52
139                android:name="androidx.emoji2.text.EmojiCompatInitializer"
139-->[androidx.emoji2:emoji2:1.3.0] AndroidManifest.xml:30:17-75
140                android:value="androidx.startup" />
140-->[androidx.emoji2:emoji2:1.3.0] AndroidManifest.xml:31:17-49
141            <meta-data
141-->[androidx.lifecycle:lifecycle-process:2.8.7] AndroidManifest.xml:29:13-31:52
142                android:name="androidx.lifecycle.ProcessLifecycleInitializer"
142-->[androidx.lifecycle:lifecycle-process:2.8.7] AndroidManifest.xml:30:17-78
143                android:value="androidx.startup" />
143-->[androidx.lifecycle:lifecycle-process:2.8.7] AndroidManifest.xml:31:17-49
144            <meta-data
144-->[androidx.profileinstaller:profileinstaller:1.3.1] AndroidManifest.xml:29:13-31:52
145                android:name="androidx.profileinstaller.ProfileInstallerInitializer"
145-->[androidx.profileinstaller:profileinstaller:1.3.1] AndroidManifest.xml:30:17-85
146                android:value="androidx.startup" />
146-->[androidx.profileinstaller:profileinstaller:1.3.1] AndroidManifest.xml:31:17-49
147        </provider>
148
149        <meta-data
149-->[com.google.android.gms:play-services-basement:18.4.0] AndroidManifest.xml:6:9-122
150            android:name="com.google.android.gms.version"
150-->[com.google.android.gms:play-services-basement:18.4.0] AndroidManifest.xml:6:20-65
151            android:value="@integer/google_play_services_version" />
151-->[com.google.android.gms:play-services-basement:18.4.0] AndroidManifest.xml:6:66-119
152
153        <service
153-->[com.google.android.datatransport:transport-backend-cct:2.3.3] AndroidManifest.xml:29:9-35:19
154            android:name="com.google.android.datatransport.runtime.backends.TransportBackendDiscovery"
154-->[com.google.android.datatransport:transport-backend-cct:2.3.3] AndroidManifest.xml:30:13-103
155            android:exported="false" >
155-->[com.google.android.datatransport:transport-backend-cct:2.3.3] AndroidManifest.xml:31:13-37
156            <meta-data
156-->[com.google.android.datatransport:transport-backend-cct:2.3.3] AndroidManifest.xml:32:13-34:39
157                android:name="backend:com.google.android.datatransport.cct.CctBackendFactory"
157-->[com.google.android.datatransport:transport-backend-cct:2.3.3] AndroidManifest.xml:33:17-94
158                android:value="cct" />
158-->[com.google.android.datatransport:transport-backend-cct:2.3.3] AndroidManifest.xml:34:17-36
159        </service>
160        <service
160-->[com.google.android.datatransport:transport-runtime:2.2.6] AndroidManifest.xml:26:9-30:19
161            android:name="com.google.android.datatransport.runtime.scheduling.jobscheduling.JobInfoSchedulerService"
161-->[com.google.android.datatransport:transport-runtime:2.2.6] AndroidManifest.xml:27:13-117
162            android:exported="false"
162-->[com.google.android.datatransport:transport-runtime:2.2.6] AndroidManifest.xml:28:13-37
163            android:permission="android.permission.BIND_JOB_SERVICE" >
163-->[com.google.android.datatransport:transport-runtime:2.2.6] AndroidManifest.xml:29:13-69
164        </service>
165
166        <receiver
166-->[com.google.android.datatransport:transport-runtime:2.2.6] AndroidManifest.xml:32:9-34:40
167            android:name="com.google.android.datatransport.runtime.scheduling.jobscheduling.AlarmManagerSchedulerBroadcastReceiver"
167-->[com.google.android.datatransport:transport-runtime:2.2.6] AndroidManifest.xml:33:13-132
168            android:exported="false" />
168-->[com.google.android.datatransport:transport-runtime:2.2.6] AndroidManifest.xml:34:13-37
169        <receiver
169-->[androidx.profileinstaller:profileinstaller:1.3.1] AndroidManifest.xml:34:9-52:20
170            android:name="androidx.profileinstaller.ProfileInstallReceiver"
170-->[androidx.profileinstaller:profileinstaller:1.3.1] AndroidManifest.xml:35:13-76
171            android:directBootAware="false"
171-->[androidx.profileinstaller:profileinstaller:1.3.1] AndroidManifest.xml:36:13-44
172            android:enabled="true"
172-->[androidx.profileinstaller:profileinstaller:1.3.1] AndroidManifest.xml:37:13-35
173            android:exported="true"
173-->[androidx.profileinstaller:profileinstaller:1.3.1] AndroidManifest.xml:38:13-36
174            android:permission="android.permission.DUMP" >
174-->[androidx.profileinstaller:profileinstaller:1.3.1] AndroidManifest.xml:39:13-57
175            <intent-filter>
175-->[androidx.profileinstaller:profileinstaller:1.3.1] AndroidManifest.xml:40:13-42:29
176                <action android:name="androidx.profileinstaller.action.INSTALL_PROFILE" />
176-->[androidx.profileinstaller:profileinstaller:1.3.1] AndroidManifest.xml:41:17-91
176-->[androidx.profileinstaller:profileinstaller:1.3.1] AndroidManifest.xml:41:25-88
177            </intent-filter>
178            <intent-filter>
178-->[androidx.profileinstaller:profileinstaller:1.3.1] AndroidManifest.xml:43:13-45:29
179                <action android:name="androidx.profileinstaller.action.SKIP_FILE" />
179-->[androidx.profileinstaller:profileinstaller:1.3.1] AndroidManifest.xml:44:17-85
179-->[androidx.profileinstaller:profileinstaller:1.3.1] AndroidManifest.xml:44:25-82
180            </intent-filter>
181            <intent-filter>
181-->[androidx.profileinstaller:profileinstaller:1.3.1] AndroidManifest.xml:46:13-48:29
182                <action android:name="androidx.profileinstaller.action.SAVE_PROFILE" />
182-->[androidx.profileinstaller:profileinstaller:1.3.1] AndroidManifest.xml:47:17-88
182-->[androidx.profileinstaller:profileinstaller:1.3.1] AndroidManifest.xml:47:25-85
183            </intent-filter>
184            <intent-filter>
184-->[androidx.profileinstaller:profileinstaller:1.3.1] AndroidManifest.xml:49:13-51:29
185                <action android:name="androidx.profileinstaller.action.BENCHMARK_OPERATION" />
185-->[androidx.profileinstaller:profileinstaller:1.3.1] AndroidManifest.xml:50:17-95
185-->[androidx.profileinstaller:profileinstaller:1.3.1] AndroidManifest.xml:50:25-92
186            </intent-filter>
187        </receiver>
188    </application>
189
190</manifest>